<?xml version="1.0" encoding="UTF-8"?>
<testsuite xmlns:xsi="http://www.w3.org/2001/XMLSchema-instance" xsi:noNamespaceSchemaLocation="https://maven.apache.org/surefire/maven-surefire-plugin/xsd/surefire-test-report.xsd" name="com.leyou.httpdemo.HttpTests" time="0.896" tests="3" errors="2" skipped="0" failures="0">
  <properties>
    <property name="sun.desktop" value="windows"/>
    <property name="awt.toolkit" value="sun.awt.windows.WToolkit"/>
    <property name="file.encoding.pkg" value="sun.io"/>
    <property name="java.specification.version" value="1.8"/>
    <property name="sun.cpu.isalist" value="amd64"/>
    <property name="sun.jnu.encoding" value="GBK"/>
    <property name="java.class.path" value="F:\JavaWeb\SSM_Product\leyou\code\http-demo\target\test-classes;F:\JavaWeb\SSM_Product\leyou\code\http-demo\target\classes;F:\apache-maven-3.5.2\maven_repository\org\springframework\boot\spring-boot-starter\2.0.1.RELEASE\spring-boot-starter-2.0.1.RELEASE.jar;F:\apache-maven-3.5.2\maven_repository\org\springframework\boot\spring-boot\2.0.1.RELEASE\spring-boot-2.0.1.RELEASE.jar;F:\apache-maven-3.5.2\maven_repository\org\springframework\spring-context\5.0.5.RELEASE\spring-context-5.0.5.RELEASE.jar;F:\apache-maven-3.5.2\maven_repository\org\springframework\boot\spring-boot-autoconfigure\2.0.1.RELEASE\spring-boot-autoconfigure-2.0.1.RELEASE.jar;F:\apache-maven-3.5.2\maven_repository\org\springframework\boot\spring-boot-starter-logging\2.0.1.RELEASE\spring-boot-starter-logging-2.0.1.RELEASE.jar;F:\apache-maven-3.5.2\maven_repository\ch\qos\logback\logback-classic\1.2.3\logback-classic-1.2.3.jar;F:\apache-maven-3.5.2\maven_repository\ch\qos\logback\logback-core\1.2.3\logback-core-1.2.3.jar;F:\apache-maven-3.5.2\maven_repository\org\apache\logging\log4j\log4j-to-slf4j\2.10.0\log4j-to-slf4j-2.10.0.jar;F:\apache-maven-3.5.2\maven_repository\org\apache\logging\log4j\log4j-api\2.10.0\log4j-api-2.10.0.jar;F:\apache-maven-3.5.2\maven_repository\org\slf4j\jul-to-slf4j\1.7.25\jul-to-slf4j-1.7.25.jar;F:\apache-maven-3.5.2\maven_repository\javax\annotation\javax.annotation-api\1.3.2\javax.annotation-api-1.3.2.jar;F:\apache-maven-3.5.2\maven_repository\org\springframework\spring-core\5.0.5.RELEASE\spring-core-5.0.5.RELEASE.jar;F:\apache-maven-3.5.2\maven_repository\org\springframework\spring-jcl\5.0.5.RELEASE\spring-jcl-5.0.5.RELEASE.jar;F:\apache-maven-3.5.2\maven_repository\org\yaml\snakeyaml\1.19\snakeyaml-1.19.jar;F:\apache-maven-3.5.2\maven_repository\org\springframework\boot\spring-boot-starter-test\2.0.1.RELEASE\spring-boot-starter-test-2.0.1.RELEASE.jar;F:\apache-maven-3.5.2\maven_repository\org\springframework\boot\spring-boot-test\2.0.1.RELEASE\spring-boot-test-2.0.1.RELEASE.jar;F:\apache-maven-3.5.2\maven_repository\org\springframework\boot\spring-boot-test-autoconfigure\2.0.1.RELEASE\spring-boot-test-autoconfigure-2.0.1.RELEASE.jar;F:\apache-maven-3.5.2\maven_repository\com\jayway\jsonpath\json-path\2.4.0\json-path-2.4.0.jar;F:\apache-maven-3.5.2\maven_repository\net\minidev\json-smart\2.3\json-smart-2.3.jar;F:\apache-maven-3.5.2\maven_repository\net\minidev\accessors-smart\1.2\accessors-smart-1.2.jar;F:\apache-maven-3.5.2\maven_repository\org\ow2\asm\asm\5.0.4\asm-5.0.4.jar;F:\apache-maven-3.5.2\maven_repository\org\slf4j\slf4j-api\1.7.25\slf4j-api-1.7.25.jar;F:\apache-maven-3.5.2\maven_repository\junit\junit\4.12\junit-4.12.jar;F:\apache-maven-3.5.2\maven_repository\org\assertj\assertj-core\3.9.1\assertj-core-3.9.1.jar;F:\apache-maven-3.5.2\maven_repository\org\mockito\mockito-core\2.15.0\mockito-core-2.15.0.jar;F:\apache-maven-3.5.2\maven_repository\net\bytebuddy\byte-buddy\1.7.11\byte-buddy-1.7.11.jar;F:\apache-maven-3.5.2\maven_repository\net\bytebuddy\byte-buddy-agent\1.7.11\byte-buddy-agent-1.7.11.jar;F:\apache-maven-3.5.2\maven_repository\org\objenesis\objenesis\2.6\objenesis-2.6.jar;F:\apache-maven-3.5.2\maven_repository\org\hamcrest\hamcrest-core\1.3\hamcrest-core-1.3.jar;F:\apache-maven-3.5.2\maven_repository\org\hamcrest\hamcrest-library\1.3\hamcrest-library-1.3.jar;F:\apache-maven-3.5.2\maven_repository\org\skyscreamer\jsonassert\1.5.0\jsonassert-1.5.0.jar;F:\apache-maven-3.5.2\maven_repository\com\vaadin\external\google\android-json\0.0.20131108.vaadin1\android-json-0.0.20131108.vaadin1.jar;F:\apache-maven-3.5.2\maven_repository\org\springframework\spring-test\5.0.5.RELEASE\spring-test-5.0.5.RELEASE.jar;F:\apache-maven-3.5.2\maven_repository\org\xmlunit\xmlunit-core\2.5.1\xmlunit-core-2.5.1.jar;F:\apache-maven-3.5.2\maven_repository\org\apache\httpcomponents\httpclient\4.5.1\httpclient-4.5.1.jar;F:\apache-maven-3.5.2\maven_repository\org\apache\httpcomponents\httpcore\4.4.9\httpcore-4.4.9.jar;F:\apache-maven-3.5.2\maven_repository\commons-codec\commons-codec\1.11\commons-codec-1.11.jar;F:\apache-maven-3.5.2\maven_repository\org\springframework\boot\spring-boot-starter-web\2.0.1.RELEASE\spring-boot-starter-web-2.0.1.RELEASE.jar;F:\apache-maven-3.5.2\maven_repository\org\springframework\boot\spring-boot-starter-json\2.0.1.RELEASE\spring-boot-starter-json-2.0.1.RELEASE.jar;F:\apache-maven-3.5.2\maven_repository\com\fasterxml\jackson\core\jackson-databind\2.9.5\jackson-databind-2.9.5.jar;F:\apache-maven-3.5.2\maven_repository\com\fasterxml\jackson\core\jackson-annotations\2.9.0\jackson-annotations-2.9.0.jar;F:\apache-maven-3.5.2\maven_repository\com\fasterxml\jackson\core\jackson-core\2.9.5\jackson-core-2.9.5.jar;F:\apache-maven-3.5.2\maven_repository\com\fasterxml\jackson\datatype\jackson-datatype-jdk8\2.9.5\jackson-datatype-jdk8-2.9.5.jar;F:\apache-maven-3.5.2\maven_repository\com\fasterxml\jackson\datatype\jackson-datatype-jsr310\2.9.5\jackson-datatype-jsr310-2.9.5.jar;F:\apache-maven-3.5.2\maven_repository\com\fasterxml\jackson\module\jackson-module-parameter-names\2.9.5\jackson-module-parameter-names-2.9.5.jar;F:\apache-maven-3.5.2\maven_repository\org\springframework\boot\spring-boot-starter-tomcat\2.0.1.RELEASE\spring-boot-starter-tomcat-2.0.1.RELEASE.jar;F:\apache-maven-3.5.2\maven_repository\org\apache\tomcat\embed\tomcat-embed-core\8.5.29\tomcat-embed-core-8.5.29.jar;F:\apache-maven-3.5.2\maven_repository\org\apache\tomcat\embed\tomcat-embed-el\8.5.29\tomcat-embed-el-8.5.29.jar;F:\apache-maven-3.5.2\maven_repository\org\apache\tomcat\embed\tomcat-embed-websocket\8.5.29\tomcat-embed-websocket-8.5.29.jar;F:\apache-maven-3.5.2\maven_repository\org\hibernate\validator\hibernate-validator\6.0.9.Final\hibernate-validator-6.0.9.Final.jar;F:\apache-maven-3.5.2\maven_repository\javax\validation\validation-api\2.0.1.Final\validation-api-2.0.1.Final.jar;F:\apache-maven-3.5.2\maven_repository\org\jboss\logging\jboss-logging\3.3.2.Final\jboss-logging-3.3.2.Final.jar;F:\apache-maven-3.5.2\maven_repository\com\fasterxml\classmate\1.3.4\classmate-1.3.4.jar;F:\apache-maven-3.5.2\maven_repository\org\springframework\spring-web\5.0.5.RELEASE\spring-web-5.0.5.RELEASE.jar;F:\apache-maven-3.5.2\maven_repository\org\springframework\spring-beans\5.0.5.RELEASE\spring-beans-5.0.5.RELEASE.jar;F:\apache-maven-3.5.2\maven_repository\org\springframework\spring-webmvc\5.0.5.RELEASE\spring-webmvc-5.0.5.RELEASE.jar;F:\apache-maven-3.5.2\maven_repository\org\springframework\spring-aop\5.0.5.RELEASE\spring-aop-5.0.5.RELEASE.jar;F:\apache-maven-3.5.2\maven_repository\org\springframework\spring-expression\5.0.5.RELEASE\spring-expression-5.0.5.RELEASE.jar;"/>
    <property name="java.vm.vendor" value="Oracle Corporation"/>
    <property name="sun.arch.data.model" value="64"/>
    <property name="user.variant" value=""/>
    <property name="java.vendor.url" value="http://java.oracle.com/"/>
    <property name="user.timezone" value=""/>
    <property name="java.vm.specification.version" value="1.8"/>
    <property name="os.name" value="Windows 10"/>
    <property name="user.country" value="CN"/>
    <property name="sun.java.launcher" value="SUN_STANDARD"/>
    <property name="sun.boot.library.path" value="C:\Program Files\Java\jdk1.8.0_181\jre\bin"/>
    <property name="sun.java.command" value="C:\Users\windows\AppData\Local\Temp\surefire1714248560018953343\surefirebooter8195557351653635687.jar C:\Users\windows\AppData\Local\Temp\surefire1714248560018953343 2020-05-28T22-20-12_515-jvmRun1 surefire2280923733293265168tmp surefire_04489590244327021157tmp"/>
    <property name="surefire.test.class.path" value="F:\JavaWeb\SSM_Product\leyou\code\http-demo\target\test-classes;F:\JavaWeb\SSM_Product\leyou\code\http-demo\target\classes;F:\apache-maven-3.5.2\maven_repository\org\springframework\boot\spring-boot-starter\2.0.1.RELEASE\spring-boot-starter-2.0.1.RELEASE.jar;F:\apache-maven-3.5.2\maven_repository\org\springframework\boot\spring-boot\2.0.1.RELEASE\spring-boot-2.0.1.RELEASE.jar;F:\apache-maven-3.5.2\maven_repository\org\springframework\spring-context\5.0.5.RELEASE\spring-context-5.0.5.RELEASE.jar;F:\apache-maven-3.5.2\maven_repository\org\springframework\boot\spring-boot-autoconfigure\2.0.1.RELEASE\spring-boot-autoconfigure-2.0.1.RELEASE.jar;F:\apache-maven-3.5.2\maven_repository\org\springframework\boot\spring-boot-starter-logging\2.0.1.RELEASE\spring-boot-starter-logging-2.0.1.RELEASE.jar;F:\apache-maven-3.5.2\maven_repository\ch\qos\logback\logback-classic\1.2.3\logback-classic-1.2.3.jar;F:\apache-maven-3.5.2\maven_repository\ch\qos\logback\logback-core\1.2.3\logback-core-1.2.3.jar;F:\apache-maven-3.5.2\maven_repository\org\apache\logging\log4j\log4j-to-slf4j\2.10.0\log4j-to-slf4j-2.10.0.jar;F:\apache-maven-3.5.2\maven_repository\org\apache\logging\log4j\log4j-api\2.10.0\log4j-api-2.10.0.jar;F:\apache-maven-3.5.2\maven_repository\org\slf4j\jul-to-slf4j\1.7.25\jul-to-slf4j-1.7.25.jar;F:\apache-maven-3.5.2\maven_repository\javax\annotation\javax.annotation-api\1.3.2\javax.annotation-api-1.3.2.jar;F:\apache-maven-3.5.2\maven_repository\org\springframework\spring-core\5.0.5.RELEASE\spring-core-5.0.5.RELEASE.jar;F:\apache-maven-3.5.2\maven_repository\org\springframework\spring-jcl\5.0.5.RELEASE\spring-jcl-5.0.5.RELEASE.jar;F:\apache-maven-3.5.2\maven_repository\org\yaml\snakeyaml\1.19\snakeyaml-1.19.jar;F:\apache-maven-3.5.2\maven_repository\org\springframework\boot\spring-boot-starter-test\2.0.1.RELEASE\spring-boot-starter-test-2.0.1.RELEASE.jar;F:\apache-maven-3.5.2\maven_repository\org\springframework\boot\spring-boot-test\2.0.1.RELEASE\spring-boot-test-2.0.1.RELEASE.jar;F:\apache-maven-3.5.2\maven_repository\org\springframework\boot\spring-boot-test-autoconfigure\2.0.1.RELEASE\spring-boot-test-autoconfigure-2.0.1.RELEASE.jar;F:\apache-maven-3.5.2\maven_repository\com\jayway\jsonpath\json-path\2.4.0\json-path-2.4.0.jar;F:\apache-maven-3.5.2\maven_repository\net\minidev\json-smart\2.3\json-smart-2.3.jar;F:\apache-maven-3.5.2\maven_repository\net\minidev\accessors-smart\1.2\accessors-smart-1.2.jar;F:\apache-maven-3.5.2\maven_repository\org\ow2\asm\asm\5.0.4\asm-5.0.4.jar;F:\apache-maven-3.5.2\maven_repository\org\slf4j\slf4j-api\1.7.25\slf4j-api-1.7.25.jar;F:\apache-maven-3.5.2\maven_repository\junit\junit\4.12\junit-4.12.jar;F:\apache-maven-3.5.2\maven_repository\org\assertj\assertj-core\3.9.1\assertj-core-3.9.1.jar;F:\apache-maven-3.5.2\maven_repository\org\mockito\mockito-core\2.15.0\mockito-core-2.15.0.jar;F:\apache-maven-3.5.2\maven_repository\net\bytebuddy\byte-buddy\1.7.11\byte-buddy-1.7.11.jar;F:\apache-maven-3.5.2\maven_repository\net\bytebuddy\byte-buddy-agent\1.7.11\byte-buddy-agent-1.7.11.jar;F:\apache-maven-3.5.2\maven_repository\org\objenesis\objenesis\2.6\objenesis-2.6.jar;F:\apache-maven-3.5.2\maven_repository\org\hamcrest\hamcrest-core\1.3\hamcrest-core-1.3.jar;F:\apache-maven-3.5.2\maven_repository\org\hamcrest\hamcrest-library\1.3\hamcrest-library-1.3.jar;F:\apache-maven-3.5.2\maven_repository\org\skyscreamer\jsonassert\1.5.0\jsonassert-1.5.0.jar;F:\apache-maven-3.5.2\maven_repository\com\vaadin\external\google\android-json\0.0.20131108.vaadin1\android-json-0.0.20131108.vaadin1.jar;F:\apache-maven-3.5.2\maven_repository\org\springframework\spring-test\5.0.5.RELEASE\spring-test-5.0.5.RELEASE.jar;F:\apache-maven-3.5.2\maven_repository\org\xmlunit\xmlunit-core\2.5.1\xmlunit-core-2.5.1.jar;F:\apache-maven-3.5.2\maven_repository\org\apache\httpcomponents\httpclient\4.5.1\httpclient-4.5.1.jar;F:\apache-maven-3.5.2\maven_repository\org\apache\httpcomponents\httpcore\4.4.9\httpcore-4.4.9.jar;F:\apache-maven-3.5.2\maven_repository\commons-codec\commons-codec\1.11\commons-codec-1.11.jar;F:\apache-maven-3.5.2\maven_repository\org\springframework\boot\spring-boot-starter-web\2.0.1.RELEASE\spring-boot-starter-web-2.0.1.RELEASE.jar;F:\apache-maven-3.5.2\maven_repository\org\springframework\boot\spring-boot-starter-json\2.0.1.RELEASE\spring-boot-starter-json-2.0.1.RELEASE.jar;F:\apache-maven-3.5.2\maven_repository\com\fasterxml\jackson\core\jackson-databind\2.9.5\jackson-databind-2.9.5.jar;F:\apache-maven-3.5.2\maven_repository\com\fasterxml\jackson\core\jackson-annotations\2.9.0\jackson-annotations-2.9.0.jar;F:\apache-maven-3.5.2\maven_repository\com\fasterxml\jackson\core\jackson-core\2.9.5\jackson-core-2.9.5.jar;F:\apache-maven-3.5.2\maven_repository\com\fasterxml\jackson\datatype\jackson-datatype-jdk8\2.9.5\jackson-datatype-jdk8-2.9.5.jar;F:\apache-maven-3.5.2\maven_repository\com\fasterxml\jackson\datatype\jackson-datatype-jsr310\2.9.5\jackson-datatype-jsr310-2.9.5.jar;F:\apache-maven-3.5.2\maven_repository\com\fasterxml\jackson\module\jackson-module-parameter-names\2.9.5\jackson-module-parameter-names-2.9.5.jar;F:\apache-maven-3.5.2\maven_repository\org\springframework\boot\spring-boot-starter-tomcat\2.0.1.RELEASE\spring-boot-starter-tomcat-2.0.1.RELEASE.jar;F:\apache-maven-3.5.2\maven_repository\org\apache\tomcat\embed\tomcat-embed-core\8.5.29\tomcat-embed-core-8.5.29.jar;F:\apache-maven-3.5.2\maven_repository\org\apache\tomcat\embed\tomcat-embed-el\8.5.29\tomcat-embed-el-8.5.29.jar;F:\apache-maven-3.5.2\maven_repository\org\apache\tomcat\embed\tomcat-embed-websocket\8.5.29\tomcat-embed-websocket-8.5.29.jar;F:\apache-maven-3.5.2\maven_repository\org\hibernate\validator\hibernate-validator\6.0.9.Final\hibernate-validator-6.0.9.Final.jar;F:\apache-maven-3.5.2\maven_repository\javax\validation\validation-api\2.0.1.Final\validation-api-2.0.1.Final.jar;F:\apache-maven-3.5.2\maven_repository\org\jboss\logging\jboss-logging\3.3.2.Final\jboss-logging-3.3.2.Final.jar;F:\apache-maven-3.5.2\maven_repository\com\fasterxml\classmate\1.3.4\classmate-1.3.4.jar;F:\apache-maven-3.5.2\maven_repository\org\springframework\spring-web\5.0.5.RELEASE\spring-web-5.0.5.RELEASE.jar;F:\apache-maven-3.5.2\maven_repository\org\springframework\spring-beans\5.0.5.RELEASE\spring-beans-5.0.5.RELEASE.jar;F:\apache-maven-3.5.2\maven_repository\org\springframework\spring-webmvc\5.0.5.RELEASE\spring-webmvc-5.0.5.RELEASE.jar;F:\apache-maven-3.5.2\maven_repository\org\springframework\spring-aop\5.0.5.RELEASE\spring-aop-5.0.5.RELEASE.jar;F:\apache-maven-3.5.2\maven_repository\org\springframework\spring-expression\5.0.5.RELEASE\spring-expression-5.0.5.RELEASE.jar;"/>
    <property name="sun.cpu.endian" value="little"/>
    <property name="user.home" value="C:\Users\windows"/>
    <property name="user.language" value="zh"/>
    <property name="java.specification.vendor" value="Oracle Corporation"/>
    <property name="java.home" value="C:\Program Files\Java\jdk1.8.0_181\jre"/>
    <property name="basedir" value="F:\JavaWeb\SSM_Product\leyou\code\http-demo"/>
    <property name="file.separator" value="\"/>
    <property name="line.separator" value="&#10;"/>
    <property name="java.vm.specification.vendor" value="Oracle Corporation"/>
    <property name="java.specification.name" value="Java Platform API Specification"/>
    <property name="java.awt.graphicsenv" value="sun.awt.Win32GraphicsEnvironment"/>
    <property name="surefire.real.class.path" value="C:\Users\windows\AppData\Local\Temp\surefire1714248560018953343\surefirebooter8195557351653635687.jar"/>
    <property name="sun.boot.class.path" value="C:\Program Files\Java\jdk1.8.0_181\jre\lib\resources.jar;C:\Program Files\Java\jdk1.8.0_181\jre\lib\rt.jar;C:\Program Files\Java\jdk1.8.0_181\jre\lib\sunrsasign.jar;C:\Program Files\Java\jdk1.8.0_181\jre\lib\jsse.jar;C:\Program Files\Java\jdk1.8.0_181\jre\lib\jce.jar;C:\Program Files\Java\jdk1.8.0_181\jre\lib\charsets.jar;C:\Program Files\Java\jdk1.8.0_181\jre\lib\jfr.jar;C:\Program Files\Java\jdk1.8.0_181\jre\classes"/>
    <property name="user.script" value=""/>
    <property name="sun.management.compiler" value="HotSpot 64-Bit Tiered Compilers"/>
    <property name="java.runtime.version" value="1.8.0_181-b13"/>
    <property name="user.name" value="windows"/>
    <property name="path.separator" value=";"/>
    <property name="os.version" value="10.0"/>
    <property name="java.endorsed.dirs" value="C:\Program Files\Java\jdk1.8.0_181\jre\lib\endorsed"/>
    <property name="java.runtime.name" value="Java(TM) SE Runtime Environment"/>
    <property name="file.encoding" value="GBK"/>
    <property name="java.vm.name" value="Java HotSpot(TM) 64-Bit Server VM"/>
    <property name="localRepository" value="F:\apache-maven-3.5.2\maven_repository"/>
    <property name="java.vendor.url.bug" value="http://bugreport.sun.com/bugreport/"/>
    <property name="java.io.tmpdir" value="C:\Users\windows\AppData\Local\Temp\"/>
    <property name="java.version" value="1.8.0_181"/>
    <property name="user.dir" value="F:\JavaWeb\SSM_Product\leyou\code\http-demo"/>
    <property name="os.arch" value="amd64"/>
    <property name="java.vm.specification.name" value="Java Virtual Machine Specification"/>
    <property name="java.awt.printerjob" value="sun.awt.windows.WPrinterJob"/>
    <property name="sun.os.patch.level" value=""/>
    <property name="idea.version2019.3.3" value="true"/>
    <property name="java.library.path" value="C:\Program Files\Java\jdk1.8.0_181\jre\bin;C:\Windows\Sun\Java\bin;C:\Windows\system32;C:\Windows;C:\Windows\system32;C:\Windows;C:\Windows\System32\Wbem;C:\Windows\System32\WindowsPowerShell\v1.0\;C:\Windows\System32\OpenSSH\;C:\Program Files\Java\jdk1.8.0_181;F:\IDEA\jdk-9.0.4;\bin;F:\server\mysql\bin;F:\apache-maven-3.5.2\bin;C:\Program Files\Java\jdk1.8.0_181;F:\IDEA\jdk-9.0.4;\jre\bin;F:\Git\cmd;F:\GitTortoise\bin;;."/>
    <property name="java.vm.info" value="mixed mode"/>
    <property name="java.vendor" value="Oracle Corporation"/>
    <property name="java.vm.version" value="25.181-b13"/>
    <property name="java.ext.dirs" value="C:\Program Files\Java\jdk1.8.0_181\jre\lib\ext;C:\Windows\Sun\Java\lib\ext"/>
    <property name="sun.io.unicode.encoding" value="UnicodeLittle"/>
    <property name="maven.repo.local" value="F:\apache-maven-3.5.2\maven_repository"/>
    <property name="java.class.version" value="52.0"/>
  </properties>
  <testcase name="testGet" classname="com.leyou.httpdemo.HttpTests" time="0.687"/>
  <testcase name="testPost" classname="com.leyou.httpdemo.HttpTests" time="0.185">
    <error message="Moved Permanently" type="org.apache.http.client.HttpResponseException">org.apache.http.client.HttpResponseException: Moved Permanently
	at com.leyou.httpdemo.HttpTests.testPost(HttpTests.java:34)
</error>
  </testcase>
  <testcase name="testGetPojo" classname="com.leyou.httpdemo.HttpTests" time="0.006">
    <error message="Not Found" type="org.apache.http.client.HttpResponseException">org.apache.http.client.HttpResponseException: Not Found
	at com.leyou.httpdemo.HttpTests.testGetPojo(HttpTests.java:41)
</error>
  </testcase>
</testsuite>